<?xml version="1.0" encoding="UTF-8"?>
<!-- Generated by org.testng.reporters.JUnitReportReporter -->
<testsuite hostname="krish" failures="0" tests="1" name="tgithub.test1" time="0.013" errors="0" timestamp="2023-04-04T11:58:26 IST" skipped="0">
  <testcase classname="tgithub.test1" name="login" time="0.013"/>
  <system-out/>
</testsuite> <!-- tgithub.test1 -->
